Analysis & Synthesis report for Uniciclo_RV
Sun May 23 15:42:40 2021
Quartus Prime Version 18.1.0 Build 625 09/12/2018 SJ Lite Edition


---------------------
; Table of Contents ;
---------------------
  1. Legal Notice
  2. Analysis & Synthesis Summary
  3. Analysis & Synthesis Settings
  4. Parallel Compilation
  5. Analysis & Synthesis Source Files Read
  6. Analysis & Synthesis Resource Usage Summary
  7. Analysis & Synthesis Resource Utilization by Entity
  8. Registers Removed During Synthesis
  9. General Register Statistics
 10. Port Connectivity Checks: "somador_32:comp_somador_PC"
 11. Port Connectivity Checks: "mux2:comp_mux2_AUI_JAL"
 12. Port Connectivity Checks: "controlador:contr_uni"
 13. Post-Synthesis Netlist Statistics for Top Partition
 14. Elapsed Time Per Partition
 15. Analysis & Synthesis Messages



----------------
; Legal Notice ;
----------------
Copyright (C) 2018  Intel Corporation. All rights reserved.
Your use of Intel Corporation's design tools, logic functions 
and other software and tools, and its AMPP partner logic 
functions, and any output files from any of the foregoing 
(including device programming or simulation files), and any 
associated documentation or information are expressly subject 
to the terms and conditions of the Intel Program License 
Subscription Agreement, the Intel Quartus Prime License Agreement,
the Intel FPGA IP License Agreement, or other applicable license
agreement, including, without limitation, that your use is for
the sole purpose of programming logic devices manufactured by
Intel and sold by Intel or its authorized distributors.  Please
refer to the applicable agreement for further details.



+-------------------------------------------------------------------------------+
; Analysis & Synthesis Summary                                                  ;
+---------------------------------+---------------------------------------------+
; Analysis & Synthesis Status     ; Successful - Sun May 23 15:42:40 2021       ;
; Quartus Prime Version           ; 18.1.0 Build 625 09/12/2018 SJ Lite Edition ;
; Revision Name                   ; Uniciclo_RV                                 ;
; Top-level Entity Name           ; top_level                                   ;
; Family                          ; Cyclone V                                   ;
; Logic utilization (in ALMs)     ; N/A                                         ;
; Total registers                 ; 32                                          ;
; Total pins                      ; 139                                         ;
; Total virtual pins              ; 0                                           ;
; Total block memory bits         ; 0                                           ;
; Total DSP Blocks                ; 0                                           ;
; Total HSSI RX PCSs              ; 0                                           ;
; Total HSSI PMA RX Deserializers ; 0                                           ;
; Total HSSI TX PCSs              ; 0                                           ;
; Total HSSI PMA TX Serializers   ; 0                                           ;
; Total PLLs                      ; 0                                           ;
; Total DLLs                      ; 0                                           ;
+---------------------------------+---------------------------------------------+


+---------------------------------------------------------------------------------------------------------------------------+
; Analysis & Synthesis Settings                                                                                             ;
+---------------------------------------------------------------------------------+--------------------+--------------------+
; Option                                                                          ; Setting            ; Default Value      ;
+---------------------------------------------------------------------------------+--------------------+--------------------+
; Device                                                                          ; 5CGXFC7C7F23C8     ;                    ;
; Top-level entity name                                                           ; top_level          ; Uniciclo_RV        ;
; Family name                                                                     ; Cyclone V          ; Cyclone V          ;
; VHDL Show LMF Mapping Messages                                                  ; Off                ;                    ;
; VHDL Version                                                                    ; VHDL_2008          ; VHDL_1993          ;
; Use smart compilation                                                           ; Off                ; Off                ;
; Enable parallel Assembler and Timing Analyzer during compilation                ; On                 ; On                 ;
; Enable compact report table                                                     ; Off                ; Off                ;
; Restructure Multiplexers                                                        ; Auto               ; Auto               ;
; MLAB Add Timing Constraints For Mixed-Port Feed-Through Mode Setting Don't Care ; Off                ; Off                ;
; Create Debugging Nodes for IP Cores                                             ; Off                ; Off                ;
; Preserve fewer node names                                                       ; On                 ; On                 ;
; Intel FPGA IP Evaluation Mode                                                   ; Enable             ; Enable             ;
; Verilog Version                                                                 ; Verilog_2001       ; Verilog_2001       ;
; State Machine Processing                                                        ; Auto               ; Auto               ;
; Safe State Machine                                                              ; Off                ; Off                ;
; Extract Verilog State Machines                                                  ; On                 ; On                 ;
; Extract VHDL State Machines                                                     ; On                 ; On                 ;
; Ignore Verilog initial constructs                                               ; Off                ; Off                ;
; Iteration limit for constant Verilog loops                                      ; 5000               ; 5000               ;
; Iteration limit for non-constant Verilog loops                                  ; 250                ; 250                ;
; Add Pass-Through Logic to Inferred RAMs                                         ; On                 ; On                 ;
; Infer RAMs from Raw Logic                                                       ; On                 ; On                 ;
; Parallel Synthesis                                                              ; On                 ; On                 ;
; DSP Block Balancing                                                             ; Auto               ; Auto               ;
; NOT Gate Push-Back                                                              ; On                 ; On                 ;
; Power-Up Don't Care                                                             ; On                 ; On                 ;
; Remove Redundant Logic Cells                                                    ; Off                ; Off                ;
; Remove Duplicate Registers                                                      ; On                 ; On                 ;
; Ignore CARRY Buffers                                                            ; Off                ; Off                ;
; Ignore CASCADE Buffers                                                          ; Off                ; Off                ;
; Ignore GLOBAL Buffers                                                           ; Off                ; Off                ;
; Ignore ROW GLOBAL Buffers                                                       ; Off                ; Off                ;
; Ignore LCELL Buffers                                                            ; Off                ; Off                ;
; Ignore SOFT Buffers                                                             ; On                 ; On                 ;
; Limit AHDL Integers to 32 Bits                                                  ; Off                ; Off                ;
; Optimization Technique                                                          ; Balanced           ; Balanced           ;
; Carry Chain Length                                                              ; 70                 ; 70                 ;
; Auto Carry Chains                                                               ; On                 ; On                 ;
; Auto Open-Drain Pins                                                            ; On                 ; On                 ;
; Perform WYSIWYG Primitive Resynthesis                                           ; Off                ; Off                ;
; Auto ROM Replacement                                                            ; On                 ; On                 ;
; Auto RAM Replacement                                                            ; On                 ; On                 ;
; Auto DSP Block Replacement                                                      ; On                 ; On                 ;
; Auto Shift Register Replacement                                                 ; Auto               ; Auto               ;
; Allow Shift Register Merging across Hierarchies                                 ; Auto               ; Auto               ;
; Auto Clock Enable Replacement                                                   ; On                 ; On                 ;
; Strict RAM Replacement                                                          ; Off                ; Off                ;
; Allow Synchronous Control Signals                                               ; On                 ; On                 ;
; Force Use of Synchronous Clear Signals                                          ; Off                ; Off                ;
; Auto Resource Sharing                                                           ; Off                ; Off                ;
; Allow Any RAM Size For Recognition                                              ; Off                ; Off                ;
; Allow Any ROM Size For Recognition                                              ; Off                ; Off                ;
; Allow Any Shift Register Size For Recognition                                   ; Off                ; Off                ;
; Use LogicLock Constraints during Resource Balancing                             ; On                 ; On                 ;
; Ignore translate_off and synthesis_off directives                               ; Off                ; Off                ;
; Timing-Driven Synthesis                                                         ; On                 ; On                 ;
; Report Parameter Settings                                                       ; On                 ; On                 ;
; Report Source Assignments                                                       ; On                 ; On                 ;
; Report Connectivity Checks                                                      ; On                 ; On                 ;
; Ignore Maximum Fan-Out Assignments                                              ; Off                ; Off                ;
; Synchronization Register Chain Length                                           ; 3                  ; 3                  ;
; Power Optimization During Synthesis                                             ; Normal compilation ; Normal compilation ;
; HDL message level                                                               ; Level2             ; Level2             ;
; Suppress Register Optimization Related Messages                                 ; Off                ; Off                ;
; Number of Removed Registers Reported in Synthesis Report                        ; 5000               ; 5000               ;
; Number of Swept Nodes Reported in Synthesis Report                              ; 5000               ; 5000               ;
; Number of Inverted Registers Reported in Synthesis Report                       ; 100                ; 100                ;
; Clock MUX Protection                                                            ; On                 ; On                 ;
; Auto Gated Clock Conversion                                                     ; Off                ; Off                ;
; Block Design Naming                                                             ; Auto               ; Auto               ;
; SDC constraint protection                                                       ; Off                ; Off                ;
; Synthesis Effort                                                                ; Auto               ; Auto               ;
; Shift Register Replacement - Allow Asynchronous Clear Signal                    ; On                 ; On                 ;
; Pre-Mapping Resynthesis Optimization                                            ; Off                ; Off                ;
; Analysis & Synthesis Message Level                                              ; Medium             ; Medium             ;
; Disable Register Merging Across Hierarchies                                     ; Auto               ; Auto               ;
; Resource Aware Inference For Block RAM                                          ; On                 ; On                 ;
; Automatic Parallel Synthesis                                                    ; On                 ; On                 ;
; Partial Reconfiguration Bitstream ID                                            ; Off                ; Off                ;
+---------------------------------------------------------------------------------+--------------------+--------------------+


+------------------------------------------+
; Parallel Compilation                     ;
+----------------------------+-------------+
; Processors                 ; Number      ;
+----------------------------+-------------+
; Number detected on machine ; 8           ;
; Maximum allowed            ; 4           ;
;                            ;             ;
; Average used               ; 1.00        ;
; Maximum used               ; 4           ;
;                            ;             ;
; Usage by Processor         ; % Time Used ;
;     Processor 1            ; 100.0%      ;
;     Processors 2-4         ;   0.1%      ;
+----------------------------+-------------+


+---------------------------------------------------------------------------------------------------------------------------------------------------------------------------------------+
; Analysis & Synthesis Source Files Read                                                                                                                                                ;
+----------------------------------+-----------------+-----------------+------------------------------------------------------------------------------------------------------+---------+
; File Name with User-Entered Path ; Used in Netlist ; File Type       ; File Name with Absolute Path                                                                         ; Library ;
+----------------------------------+-----------------+-----------------+------------------------------------------------------------------------------------------------------+---------+
; ularv.vhd                        ; yes             ; User VHDL File  ; C:/Users/Administrador/Documents/UNB/sexto_semestre/OAC/Projeto_Final/Quartus/ularv.vhd              ;         ;
; top_level.vhd                    ; yes             ; User VHDL File  ; C:/Users/Administrador/Documents/UNB/sexto_semestre/OAC/Projeto_Final/Quartus/top_level.vhd          ;         ;
; somador32.vhd                    ; yes             ; User VHDL File  ; C:/Users/Administrador/Documents/UNB/sexto_semestre/OAC/Projeto_Final/Quartus/somador32.vhd          ;         ;
; RISCV_Uniciclo_Pkg.vhd           ; yes             ; User VHDL File  ; C:/Users/Administrador/Documents/UNB/sexto_semestre/OAC/Projeto_Final/Quartus/RISCV_Uniciclo_Pkg.vhd ;         ;
; PC.vhd                           ; yes             ; User VHDL File  ; C:/Users/Administrador/Documents/UNB/sexto_semestre/OAC/Projeto_Final/Quartus/PC.vhd                 ;         ;
; mux2.vhd                         ; yes             ; User VHDL File  ; C:/Users/Administrador/Documents/UNB/sexto_semestre/OAC/Projeto_Final/Quartus/mux2.vhd               ;         ;
; mem_rv.vhd                       ; yes             ; User VHDL File  ; C:/Users/Administrador/Documents/UNB/sexto_semestre/OAC/Projeto_Final/Quartus/mem_rv.vhd             ;         ;
; mem_ROM_rv.vhd                   ; yes             ; User VHDL File  ; C:/Users/Administrador/Documents/UNB/sexto_semestre/OAC/Projeto_Final/Quartus/mem_ROM_rv.vhd         ;         ;
; genImm32.vhd                     ; yes             ; User VHDL File  ; C:/Users/Administrador/Documents/UNB/sexto_semestre/OAC/Projeto_Final/Quartus/genImm32.vhd           ;         ;
; control_alu.vhd                  ; yes             ; User VHDL File  ; C:/Users/Administrador/Documents/UNB/sexto_semestre/OAC/Projeto_Final/Quartus/control_alu.vhd        ;         ;
; control.vhd                      ; yes             ; User VHDL File  ; C:/Users/Administrador/Documents/UNB/sexto_semestre/OAC/Projeto_Final/Quartus/control.vhd            ;         ;
; banc_reg.vhd                     ; yes             ; User VHDL File  ; C:/Users/Administrador/Documents/UNB/sexto_semestre/OAC/Projeto_Final/Quartus/banc_reg.vhd           ;         ;
+----------------------------------+-----------------+-----------------+------------------------------------------------------------------------------------------------------+---------+


+--------------------------------------------------------------+
; Analysis & Synthesis Resource Usage Summary                  ;
+---------------------------------------------+----------------+
; Resource                                    ; Usage          ;
+---------------------------------------------+----------------+
; Estimate of Logic utilization (ALMs needed) ; 16             ;
;                                             ;                ;
; Combinational ALUT usage for logic          ; 32             ;
;     -- 7 input functions                    ; 0              ;
;     -- 6 input functions                    ; 0              ;
;     -- 5 input functions                    ; 0              ;
;     -- 4 input functions                    ; 0              ;
;     -- <=3 input functions                  ; 32             ;
;                                             ;                ;
; Dedicated logic registers                   ; 32             ;
;                                             ;                ;
; I/O pins                                    ; 139            ;
;                                             ;                ;
; Total DSP Blocks                            ; 0              ;
;                                             ;                ;
; Maximum fan-out node                        ; clock_in~input ;
; Maximum fan-out                             ; 32             ;
; Total fan-out                               ; 298            ;
; Average fan-out                             ; 0.87           ;
+---------------------------------------------+----------------+


+---------------------------------------------------------------------------------------------------------------------------------------------------------------------------------------------------------------+
; Analysis & Synthesis Resource Utilization by Entity                                                                                                                                                           ;
+---------------------------------+---------------------+---------------------------+-------------------+------------+------+--------------+---------------------------------------+-------------+--------------+
; Compilation Hierarchy Node      ; Combinational ALUTs ; Dedicated Logic Registers ; Block Memory Bits ; DSP Blocks ; Pins ; Virtual Pins ; Full Hierarchy Name                   ; Entity Name ; Library Name ;
+---------------------------------+---------------------+---------------------------+-------------------+------------+------+--------------+---------------------------------------+-------------+--------------+
; |top_level                      ; 32 (0)              ; 32 (0)                    ; 0                 ; 0          ; 139  ; 0            ; |top_level                            ; top_level   ; work         ;
;    |PC:comp_PC|                 ; 1 (1)               ; 32 (32)                   ; 0                 ; 0          ; 0    ; 0            ; |top_level|PC:comp_PC                 ; PC          ; work         ;
;    |somador_32:comp_somador_PC| ; 31 (31)             ; 0 (0)                     ; 0                 ; 0          ; 0    ; 0            ; |top_level|somador_32:comp_somador_PC ; somador_32  ; work         ;
+---------------------------------+---------------------+---------------------------+-------------------+------------+------+--------------+---------------------------------------+-------------+--------------+
Note: For table entries with two numbers listed, the numbers in parentheses indicate the number of resources of the given type used by the specific entity alone. The numbers listed outside of parentheses indicate the total resources of the given type used by the specific entity and all of its sub-entities in the hierarchy.


+------------------------------------------------------------+
; Registers Removed During Synthesis                         ;
+---------------------------------------+--------------------+
; Register name                         ; Reason for Removal ;
+---------------------------------------+--------------------+
; mem_rv:comp_MEM_RV|read_address[0..7] ; Lost fanout        ;
; Total Number of Removed Registers = 8 ;                    ;
+---------------------------------------+--------------------+


+------------------------------------------------------+
; General Register Statistics                          ;
+----------------------------------------------+-------+
; Statistic                                    ; Value ;
+----------------------------------------------+-------+
; Total registers                              ; 32    ;
; Number of registers using Synchronous Clear  ; 0     ;
; Number of registers using Synchronous Load   ; 0     ;
; Number of registers using Asynchronous Clear ; 0     ;
; Number of registers using Asynchronous Load  ; 0     ;
; Number of registers using Clock Enable       ; 0     ;
; Number of registers using Preset             ; 0     ;
+----------------------------------------------+-------+


+--------------------------------------------------------+
; Port Connectivity Checks: "somador_32:comp_somador_PC" ;
+--------------+-------+----------+----------------------+
; Port         ; Type  ; Severity ; Details              ;
+--------------+-------+----------+----------------------+
; data1[31..1] ; Input ; Info     ; Stuck at GND         ;
; data1[0]     ; Input ; Info     ; Stuck at VCC         ;
+--------------+-------+----------+----------------------+


+----------------------------------------------------------------------------------------------------------------+
; Port Connectivity Checks: "mux2:comp_mux2_AUI_JAL"                                                             ;
+------+--------+----------+-------------------------------------------------------------------------------------+
; Port ; Type   ; Severity ; Details                                                                             ;
+------+--------+----------+-------------------------------------------------------------------------------------+
; s    ; Output ; Info     ; Connected to dangling logic. Logic that only feeds a dangling port will be removed. ;
+------+--------+----------+-------------------------------------------------------------------------------------+


+-------------------------------------------------------------------------------------------------------------------+
; Port Connectivity Checks: "controlador:contr_uni"                                                                 ;
+---------+--------+----------+-------------------------------------------------------------------------------------+
; Port    ; Type   ; Severity ; Details                                                                             ;
+---------+--------+----------+-------------------------------------------------------------------------------------+
; memread ; Output ; Info     ; Connected to dangling logic. Logic that only feeds a dangling port will be removed. ;
; islui   ; Output ; Info     ; Connected to dangling logic. Logic that only feeds a dangling port will be removed. ;
+---------+--------+----------+-------------------------------------------------------------------------------------+


+-----------------------------------------------------+
; Post-Synthesis Netlist Statistics for Top Partition ;
+-----------------------+-----------------------------+
; Type                  ; Count                       ;
+-----------------------+-----------------------------+
; arriav_ff             ; 32                          ;
;     plain             ; 32                          ;
; arriav_lcell_comb     ; 33                          ;
;     arith             ; 31                          ;
;         1 data inputs ; 30                          ;
;         2 data inputs ; 1                           ;
;     normal            ; 2                           ;
;         0 data inputs ; 1                           ;
;         1 data inputs ; 1                           ;
; boundary_port         ; 139                         ;
;                       ;                             ;
; Max LUT depth         ; 4.00                        ;
; Average LUT depth     ; 2.92                        ;
+-----------------------+-----------------------------+


+-------------------------------+
; Elapsed Time Per Partition    ;
+----------------+--------------+
; Partition Name ; Elapsed Time ;
+----------------+--------------+
; Top            ; 00:00:03     ;
+----------------+--------------+


+-------------------------------+
; Analysis & Synthesis Messages ;
+-------------------------------+
Info: *******************************************************************
Info: Running Quartus Prime Analysis & Synthesis
    Info: Version 18.1.0 Build 625 09/12/2018 SJ Lite Edition
    Info: Processing started: Sun May 23 15:42:05 2021
Info: Command: quartus_map --read_settings_files=on --write_settings_files=off Uniciclo_RV -c Uniciclo_RV
Warning (18236): Number of processors has not been specified which may cause overloading on shared machines.  Set the global assignment NUM_PARALLEL_PROCESSORS in your QSF to an appropriate value for best performance.
Info (20030): Parallel compilation is enabled and will use 4 of the 4 processors detected
Info (12021): Found 2 design units, including 1 entities, in source file testbench.vhd
    Info (12022): Found design unit 1: testbench-tb File: C:/Users/Administrador/Documents/UNB/sexto_semestre/OAC/Projeto_Final/Quartus/testbench.vhd Line: 10
    Info (12023): Found entity 1: testbench File: C:/Users/Administrador/Documents/UNB/sexto_semestre/OAC/Projeto_Final/Quartus/testbench.vhd Line: 6
Info (12021): Found 2 design units, including 1 entities, in source file ularv.vhd
    Info (12022): Found design unit 1: ulaRV-ula_arc File: C:/Users/Administrador/Documents/UNB/sexto_semestre/OAC/Projeto_Final/Quartus/ularv.vhd Line: 16
    Info (12023): Found entity 1: ulaRV File: C:/Users/Administrador/Documents/UNB/sexto_semestre/OAC/Projeto_Final/Quartus/ularv.vhd Line: 6
Info (12021): Found 2 design units, including 1 entities, in source file top_level.vhd
    Info (12022): Found design unit 1: top_level-rtl File: C:/Users/Administrador/Documents/UNB/sexto_semestre/OAC/Projeto_Final/Quartus/top_level.vhd Line: 53
    Info (12023): Found entity 1: top_level File: C:/Users/Administrador/Documents/UNB/sexto_semestre/OAC/Projeto_Final/Quartus/top_level.vhd Line: 36
Info (12021): Found 2 design units, including 1 entities, in source file somador32.vhd
    Info (12022): Found design unit 1: somador_32-RTL File: C:/Users/Administrador/Documents/UNB/sexto_semestre/OAC/Projeto_Final/Quartus/somador32.vhd Line: 20
    Info (12023): Found entity 1: somador_32 File: C:/Users/Administrador/Documents/UNB/sexto_semestre/OAC/Projeto_Final/Quartus/somador32.vhd Line: 9
Info (12021): Found 1 design units, including 0 entities, in source file riscv_uniciclo_pkg.vhd
    Info (12022): Found design unit 1: RISCV_Uniciclo_Pkg File: C:/Users/Administrador/Documents/UNB/sexto_semestre/OAC/Projeto_Final/Quartus/RISCV_Uniciclo_Pkg.vhd Line: 33
Info (12021): Found 2 design units, including 1 entities, in source file pc.vhd
    Info (12022): Found design unit 1: PC-RTL File: C:/Users/Administrador/Documents/UNB/sexto_semestre/OAC/Projeto_Final/Quartus/PC.vhd Line: 19
    Info (12023): Found entity 1: PC File: C:/Users/Administrador/Documents/UNB/sexto_semestre/OAC/Projeto_Final/Quartus/PC.vhd Line: 8
Info (12021): Found 2 design units, including 1 entities, in source file mux2.vhd
    Info (12022): Found design unit 1: mux2-comportamental File: C:/Users/Administrador/Documents/UNB/sexto_semestre/OAC/Projeto_Final/Quartus/mux2.vhd Line: 10
    Info (12023): Found entity 1: mux2 File: C:/Users/Administrador/Documents/UNB/sexto_semestre/OAC/Projeto_Final/Quartus/mux2.vhd Line: 4
Info (12021): Found 2 design units, including 1 entities, in source file mem_rv.vhd
    Info (12022): Found design unit 1: mem_rv-RTL File: C:/Users/Administrador/Documents/UNB/sexto_semestre/OAC/Projeto_Final/Quartus/mem_rv.vhd Line: 19
    Info (12023): Found entity 1: mem_rv File: C:/Users/Administrador/Documents/UNB/sexto_semestre/OAC/Projeto_Final/Quartus/mem_rv.vhd Line: 6
Info (12021): Found 2 design units, including 1 entities, in source file mem_rom_rv.vhd
    Info (12022): Found design unit 1: mem_ROM_rv-RTL File: C:/Users/Administrador/Documents/UNB/sexto_semestre/OAC/Projeto_Final/Quartus/mem_ROM_rv.vhd Line: 20
    Info (12023): Found entity 1: mem_ROM_rv File: C:/Users/Administrador/Documents/UNB/sexto_semestre/OAC/Projeto_Final/Quartus/mem_ROM_rv.vhd Line: 10
Info (12021): Found 2 design units, including 1 entities, in source file genimm32.vhd
    Info (12022): Found design unit 1: genImm32-genImm32_op File: C:/Users/Administrador/Documents/UNB/sexto_semestre/OAC/Projeto_Final/Quartus/genImm32.vhd Line: 48
    Info (12023): Found entity 1: genImm32 File: C:/Users/Administrador/Documents/UNB/sexto_semestre/OAC/Projeto_Final/Quartus/genImm32.vhd Line: 33
Info (12021): Found 2 design units, including 1 entities, in source file control_alu.vhd
    Info (12022): Found design unit 1: control_alu-RTL_ula File: C:/Users/Administrador/Documents/UNB/sexto_semestre/OAC/Projeto_Final/Quartus/control_alu.vhd Line: 22
    Info (12023): Found entity 1: control_alu File: C:/Users/Administrador/Documents/UNB/sexto_semestre/OAC/Projeto_Final/Quartus/control_alu.vhd Line: 8
Info (12021): Found 2 design units, including 1 entities, in source file control.vhd
    Info (12022): Found design unit 1: controlador-RTL File: C:/Users/Administrador/Documents/UNB/sexto_semestre/OAC/Projeto_Final/Quartus/control.vhd Line: 33
    Info (12023): Found entity 1: controlador File: C:/Users/Administrador/Documents/UNB/sexto_semestre/OAC/Projeto_Final/Quartus/control.vhd Line: 8
Info (12021): Found 2 design units, including 1 entities, in source file banc_reg.vhd
    Info (12022): Found design unit 1: banc_reg-RTL File: C:/Users/Administrador/Documents/UNB/sexto_semestre/OAC/Projeto_Final/Quartus/banc_reg.vhd Line: 31
    Info (12023): Found entity 1: banc_reg File: C:/Users/Administrador/Documents/UNB/sexto_semestre/OAC/Projeto_Final/Quartus/banc_reg.vhd Line: 8
Info (12127): Elaborating entity "top_level" for the top level hierarchy
Warning (10036): Verilog HDL or VHDL warning at top_level.vhd(69): object "s_memread" assigned a value but never read File: C:/Users/Administrador/Documents/UNB/sexto_semestre/OAC/Projeto_Final/Quartus/top_level.vhd Line: 69
Warning (10036): Verilog HDL or VHDL warning at top_level.vhd(76): object "s_islui" assigned a value but never read File: C:/Users/Administrador/Documents/UNB/sexto_semestre/OAC/Projeto_Final/Quartus/top_level.vhd Line: 76
Warning (10036): Verilog HDL or VHDL warning at top_level.vhd(88): object "s_datain" assigned a value but never read File: C:/Users/Administrador/Documents/UNB/sexto_semestre/OAC/Projeto_Final/Quartus/top_level.vhd Line: 88
Info (12128): Elaborating entity "controlador" for hierarchy "controlador:contr_uni" File: C:/Users/Administrador/Documents/UNB/sexto_semestre/OAC/Projeto_Final/Quartus/top_level.vhd Line: 109
Warning (10631): VHDL Process Statement warning at control.vhd(41): inferring latch(es) for signal or variable "jlink", which holds its previous value in one or more paths through the process File: C:/Users/Administrador/Documents/UNB/sexto_semestre/OAC/Projeto_Final/Quartus/control.vhd Line: 41
Warning (10631): VHDL Process Statement warning at control.vhd(41): inferring latch(es) for signal or variable "isauipc", which holds its previous value in one or more paths through the process File: C:/Users/Administrador/Documents/UNB/sexto_semestre/OAC/Projeto_Final/Quartus/control.vhd Line: 41
Info (10041): Inferred latch for "isauipc" at control.vhd(41) File: C:/Users/Administrador/Documents/UNB/sexto_semestre/OAC/Projeto_Final/Quartus/control.vhd Line: 41
Info (10041): Inferred latch for "jlink" at control.vhd(41) File: C:/Users/Administrador/Documents/UNB/sexto_semestre/OAC/Projeto_Final/Quartus/control.vhd Line: 41
Info (12128): Elaborating entity "control_alu" for hierarchy "control_alu:controle_alu" File: C:/Users/Administrador/Documents/UNB/sexto_semestre/OAC/Projeto_Final/Quartus/top_level.vhd Line: 127
Info (12128): Elaborating entity "PC" for hierarchy "PC:comp_PC" File: C:/Users/Administrador/Documents/UNB/sexto_semestre/OAC/Projeto_Final/Quartus/top_level.vhd Line: 138
Info (12128): Elaborating entity "mem_ROM_rv" for hierarchy "mem_ROM_rv:comp_ROM" File: C:/Users/Administrador/Documents/UNB/sexto_semestre/OAC/Projeto_Final/Quartus/top_level.vhd Line: 146
Warning (10639): VHDL warning at mem_ROM_rv.vhd(21): constant value overflow File: C:/Users/Administrador/Documents/UNB/sexto_semestre/OAC/Projeto_Final/Quartus/mem_ROM_rv.vhd Line: 21
Warning (10445): VHDL Subtype or Type Declaration warning at mem_ROM_rv.vhd(21): subtype or type has null range File: C:/Users/Administrador/Documents/UNB/sexto_semestre/OAC/Projeto_Final/Quartus/mem_ROM_rv.vhd Line: 21
Warning (10639): VHDL warning at mem_ROM_rv.vhd(29): constant value overflow File: C:/Users/Administrador/Documents/UNB/sexto_semestre/OAC/Projeto_Final/Quartus/mem_ROM_rv.vhd Line: 29
Warning (10445): VHDL Subtype or Type Declaration warning at mem_ROM_rv.vhd(29): subtype or type has null range File: C:/Users/Administrador/Documents/UNB/sexto_semestre/OAC/Projeto_Final/Quartus/mem_ROM_rv.vhd Line: 29
Info (12128): Elaborating entity "genImm32" for hierarchy "genImm32:comp_genImm32" File: C:/Users/Administrador/Documents/UNB/sexto_semestre/OAC/Projeto_Final/Quartus/top_level.vhd Line: 154
Warning (10492): VHDL Process Statement warning at genImm32.vhd(66): signal "s_opcode" is read inside the Process Statement but isn't in the Process Statement's sensitivity list File: C:/Users/Administrador/Documents/UNB/sexto_semestre/OAC/Projeto_Final/Quartus/genImm32.vhd Line: 66
Info (12128): Elaborating entity "banc_reg" for hierarchy "banc_reg:comp_XREG" File: C:/Users/Administrador/Documents/UNB/sexto_semestre/OAC/Projeto_Final/Quartus/top_level.vhd Line: 161
Info (12128): Elaborating entity "mux2" for hierarchy "mux2:comp_mux2_imm_ula" File: C:/Users/Administrador/Documents/UNB/sexto_semestre/OAC/Projeto_Final/Quartus/top_level.vhd Line: 174
Info (12128): Elaborating entity "ulaRV" for hierarchy "ulaRV:comp_ULA" File: C:/Users/Administrador/Documents/UNB/sexto_semestre/OAC/Projeto_Final/Quartus/top_level.vhd Line: 183
Info (12128): Elaborating entity "mem_rv" for hierarchy "mem_rv:comp_MEM_RV" File: C:/Users/Administrador/Documents/UNB/sexto_semestre/OAC/Projeto_Final/Quartus/top_level.vhd Line: 193
Info (12128): Elaborating entity "somador_32" for hierarchy "somador_32:comp_somador_PC" File: C:/Users/Administrador/Documents/UNB/sexto_semestre/OAC/Projeto_Final/Quartus/top_level.vhd Line: 228
Warning (13024): Output pins are stuck at VCC or GND
    Warning (13410): Pin "intruc_out[0]" is stuck at GND File: C:/Users/Administrador/Documents/UNB/sexto_semestre/OAC/Projeto_Final/Quartus/top_level.vhd Line: 43
    Warning (13410): Pin "intruc_out[1]" is stuck at GND File: C:/Users/Administrador/Documents/UNB/sexto_semestre/OAC/Projeto_Final/Quartus/top_level.vhd Line: 43
    Warning (13410): Pin "intruc_out[2]" is stuck at GND File: C:/Users/Administrador/Documents/UNB/sexto_semestre/OAC/Projeto_Final/Quartus/top_level.vhd Line: 43
    Warning (13410): Pin "intruc_out[3]" is stuck at GND File: C:/Users/Administrador/Documents/UNB/sexto_semestre/OAC/Projeto_Final/Quartus/top_level.vhd Line: 43
    Warning (13410): Pin "intruc_out[4]" is stuck at GND File: C:/Users/Administrador/Documents/UNB/sexto_semestre/OAC/Projeto_Final/Quartus/top_level.vhd Line: 43
    Warning (13410): Pin "intruc_out[5]" is stuck at GND File: C:/Users/Administrador/Documents/UNB/sexto_semestre/OAC/Projeto_Final/Quartus/top_level.vhd Line: 43
    Warning (13410): Pin "intruc_out[6]" is stuck at GND File: C:/Users/Administrador/Documents/UNB/sexto_semestre/OAC/Projeto_Final/Quartus/top_level.vhd Line: 43
    Warning (13410): Pin "intruc_out[7]" is stuck at GND File: C:/Users/Administrador/Documents/UNB/sexto_semestre/OAC/Projeto_Final/Quartus/top_level.vhd Line: 43
    Warning (13410): Pin "intruc_out[8]" is stuck at GND File: C:/Users/Administrador/Documents/UNB/sexto_semestre/OAC/Projeto_Final/Quartus/top_level.vhd Line: 43
    Warning (13410): Pin "intruc_out[9]" is stuck at GND File: C:/Users/Administrador/Documents/UNB/sexto_semestre/OAC/Projeto_Final/Quartus/top_level.vhd Line: 43
    Warning (13410): Pin "intruc_out[10]" is stuck at GND File: C:/Users/Administrador/Documents/UNB/sexto_semestre/OAC/Projeto_Final/Quartus/top_level.vhd Line: 43
    Warning (13410): Pin "intruc_out[11]" is stuck at GND File: C:/Users/Administrador/Documents/UNB/sexto_semestre/OAC/Projeto_Final/Quartus/top_level.vhd Line: 43
    Warning (13410): Pin "intruc_out[12]" is stuck at GND File: C:/Users/Administrador/Documents/UNB/sexto_semestre/OAC/Projeto_Final/Quartus/top_level.vhd Line: 43
    Warning (13410): Pin "intruc_out[13]" is stuck at GND File: C:/Users/Administrador/Documents/UNB/sexto_semestre/OAC/Projeto_Final/Quartus/top_level.vhd Line: 43
    Warning (13410): Pin "intruc_out[14]" is stuck at GND File: C:/Users/Administrador/Documents/UNB/sexto_semestre/OAC/Projeto_Final/Quartus/top_level.vhd Line: 43
    Warning (13410): Pin "intruc_out[15]" is stuck at GND File: C:/Users/Administrador/Documents/UNB/sexto_semestre/OAC/Projeto_Final/Quartus/top_level.vhd Line: 43
    Warning (13410): Pin "intruc_out[16]" is stuck at GND File: C:/Users/Administrador/Documents/UNB/sexto_semestre/OAC/Projeto_Final/Quartus/top_level.vhd Line: 43
    Warning (13410): Pin "intruc_out[17]" is stuck at GND File: C:/Users/Administrador/Documents/UNB/sexto_semestre/OAC/Projeto_Final/Quartus/top_level.vhd Line: 43
    Warning (13410): Pin "intruc_out[18]" is stuck at GND File: C:/Users/Administrador/Documents/UNB/sexto_semestre/OAC/Projeto_Final/Quartus/top_level.vhd Line: 43
    Warning (13410): Pin "intruc_out[19]" is stuck at GND File: C:/Users/Administrador/Documents/UNB/sexto_semestre/OAC/Projeto_Final/Quartus/top_level.vhd Line: 43
    Warning (13410): Pin "intruc_out[20]" is stuck at GND File: C:/Users/Administrador/Documents/UNB/sexto_semestre/OAC/Projeto_Final/Quartus/top_level.vhd Line: 43
    Warning (13410): Pin "intruc_out[21]" is stuck at GND File: C:/Users/Administrador/Documents/UNB/sexto_semestre/OAC/Projeto_Final/Quartus/top_level.vhd Line: 43
    Warning (13410): Pin "intruc_out[22]" is stuck at GND File: C:/Users/Administrador/Documents/UNB/sexto_semestre/OAC/Projeto_Final/Quartus/top_level.vhd Line: 43
    Warning (13410): Pin "intruc_out[23]" is stuck at GND File: C:/Users/Administrador/Documents/UNB/sexto_semestre/OAC/Projeto_Final/Quartus/top_level.vhd Line: 43
    Warning (13410): Pin "intruc_out[24]" is stuck at GND File: C:/Users/Administrador/Documents/UNB/sexto_semestre/OAC/Projeto_Final/Quartus/top_level.vhd Line: 43
    Warning (13410): Pin "intruc_out[25]" is stuck at GND File: C:/Users/Administrador/Documents/UNB/sexto_semestre/OAC/Projeto_Final/Quartus/top_level.vhd Line: 43
    Warning (13410): Pin "intruc_out[26]" is stuck at GND File: C:/Users/Administrador/Documents/UNB/sexto_semestre/OAC/Projeto_Final/Quartus/top_level.vhd Line: 43
    Warning (13410): Pin "intruc_out[27]" is stuck at GND File: C:/Users/Administrador/Documents/UNB/sexto_semestre/OAC/Projeto_Final/Quartus/top_level.vhd Line: 43
    Warning (13410): Pin "intruc_out[28]" is stuck at GND File: C:/Users/Administrador/Documents/UNB/sexto_semestre/OAC/Projeto_Final/Quartus/top_level.vhd Line: 43
    Warning (13410): Pin "intruc_out[29]" is stuck at GND File: C:/Users/Administrador/Documents/UNB/sexto_semestre/OAC/Projeto_Final/Quartus/top_level.vhd Line: 43
    Warning (13410): Pin "intruc_out[30]" is stuck at GND File: C:/Users/Administrador/Documents/UNB/sexto_semestre/OAC/Projeto_Final/Quartus/top_level.vhd Line: 43
    Warning (13410): Pin "intruc_out[31]" is stuck at GND File: C:/Users/Administrador/Documents/UNB/sexto_semestre/OAC/Projeto_Final/Quartus/top_level.vhd Line: 43
    Warning (13410): Pin "r1_address_out[0]" is stuck at GND File: C:/Users/Administrador/Documents/UNB/sexto_semestre/OAC/Projeto_Final/Quartus/top_level.vhd Line: 44
    Warning (13410): Pin "r1_address_out[1]" is stuck at GND File: C:/Users/Administrador/Documents/UNB/sexto_semestre/OAC/Projeto_Final/Quartus/top_level.vhd Line: 44
    Warning (13410): Pin "r1_address_out[2]" is stuck at GND File: C:/Users/Administrador/Documents/UNB/sexto_semestre/OAC/Projeto_Final/Quartus/top_level.vhd Line: 44
    Warning (13410): Pin "r1_address_out[3]" is stuck at GND File: C:/Users/Administrador/Documents/UNB/sexto_semestre/OAC/Projeto_Final/Quartus/top_level.vhd Line: 44
    Warning (13410): Pin "r1_address_out[4]" is stuck at GND File: C:/Users/Administrador/Documents/UNB/sexto_semestre/OAC/Projeto_Final/Quartus/top_level.vhd Line: 44
    Warning (13410): Pin "r2_address_out[0]" is stuck at GND File: C:/Users/Administrador/Documents/UNB/sexto_semestre/OAC/Projeto_Final/Quartus/top_level.vhd Line: 45
    Warning (13410): Pin "r2_address_out[1]" is stuck at GND File: C:/Users/Administrador/Documents/UNB/sexto_semestre/OAC/Projeto_Final/Quartus/top_level.vhd Line: 45
    Warning (13410): Pin "r2_address_out[2]" is stuck at GND File: C:/Users/Administrador/Documents/UNB/sexto_semestre/OAC/Projeto_Final/Quartus/top_level.vhd Line: 45
    Warning (13410): Pin "r2_address_out[3]" is stuck at GND File: C:/Users/Administrador/Documents/UNB/sexto_semestre/OAC/Projeto_Final/Quartus/top_level.vhd Line: 45
    Warning (13410): Pin "r2_address_out[4]" is stuck at GND File: C:/Users/Administrador/Documents/UNB/sexto_semestre/OAC/Projeto_Final/Quartus/top_level.vhd Line: 45
    Warning (13410): Pin "immed_out[0]" is stuck at GND File: C:/Users/Administrador/Documents/UNB/sexto_semestre/OAC/Projeto_Final/Quartus/top_level.vhd Line: 46
    Warning (13410): Pin "immed_out[1]" is stuck at GND File: C:/Users/Administrador/Documents/UNB/sexto_semestre/OAC/Projeto_Final/Quartus/top_level.vhd Line: 46
    Warning (13410): Pin "immed_out[2]" is stuck at GND File: C:/Users/Administrador/Documents/UNB/sexto_semestre/OAC/Projeto_Final/Quartus/top_level.vhd Line: 46
    Warning (13410): Pin "immed_out[3]" is stuck at GND File: C:/Users/Administrador/Documents/UNB/sexto_semestre/OAC/Projeto_Final/Quartus/top_level.vhd Line: 46
    Warning (13410): Pin "immed_out[4]" is stuck at GND File: C:/Users/Administrador/Documents/UNB/sexto_semestre/OAC/Projeto_Final/Quartus/top_level.vhd Line: 46
    Warning (13410): Pin "immed_out[5]" is stuck at GND File: C:/Users/Administrador/Documents/UNB/sexto_semestre/OAC/Projeto_Final/Quartus/top_level.vhd Line: 46
    Warning (13410): Pin "immed_out[6]" is stuck at GND File: C:/Users/Administrador/Documents/UNB/sexto_semestre/OAC/Projeto_Final/Quartus/top_level.vhd Line: 46
    Warning (13410): Pin "immed_out[7]" is stuck at GND File: C:/Users/Administrador/Documents/UNB/sexto_semestre/OAC/Projeto_Final/Quartus/top_level.vhd Line: 46
    Warning (13410): Pin "immed_out[8]" is stuck at GND File: C:/Users/Administrador/Documents/UNB/sexto_semestre/OAC/Projeto_Final/Quartus/top_level.vhd Line: 46
    Warning (13410): Pin "immed_out[9]" is stuck at GND File: C:/Users/Administrador/Documents/UNB/sexto_semestre/OAC/Projeto_Final/Quartus/top_level.vhd Line: 46
    Warning (13410): Pin "immed_out[10]" is stuck at GND File: C:/Users/Administrador/Documents/UNB/sexto_semestre/OAC/Projeto_Final/Quartus/top_level.vhd Line: 46
    Warning (13410): Pin "immed_out[11]" is stuck at GND File: C:/Users/Administrador/Documents/UNB/sexto_semestre/OAC/Projeto_Final/Quartus/top_level.vhd Line: 46
    Warning (13410): Pin "immed_out[12]" is stuck at GND File: C:/Users/Administrador/Documents/UNB/sexto_semestre/OAC/Projeto_Final/Quartus/top_level.vhd Line: 46
    Warning (13410): Pin "immed_out[13]" is stuck at GND File: C:/Users/Administrador/Documents/UNB/sexto_semestre/OAC/Projeto_Final/Quartus/top_level.vhd Line: 46
    Warning (13410): Pin "immed_out[14]" is stuck at GND File: C:/Users/Administrador/Documents/UNB/sexto_semestre/OAC/Projeto_Final/Quartus/top_level.vhd Line: 46
    Warning (13410): Pin "immed_out[15]" is stuck at GND File: C:/Users/Administrador/Documents/UNB/sexto_semestre/OAC/Projeto_Final/Quartus/top_level.vhd Line: 46
    Warning (13410): Pin "immed_out[16]" is stuck at GND File: C:/Users/Administrador/Documents/UNB/sexto_semestre/OAC/Projeto_Final/Quartus/top_level.vhd Line: 46
    Warning (13410): Pin "immed_out[17]" is stuck at GND File: C:/Users/Administrador/Documents/UNB/sexto_semestre/OAC/Projeto_Final/Quartus/top_level.vhd Line: 46
    Warning (13410): Pin "immed_out[18]" is stuck at GND File: C:/Users/Administrador/Documents/UNB/sexto_semestre/OAC/Projeto_Final/Quartus/top_level.vhd Line: 46
    Warning (13410): Pin "immed_out[19]" is stuck at GND File: C:/Users/Administrador/Documents/UNB/sexto_semestre/OAC/Projeto_Final/Quartus/top_level.vhd Line: 46
    Warning (13410): Pin "immed_out[20]" is stuck at GND File: C:/Users/Administrador/Documents/UNB/sexto_semestre/OAC/Projeto_Final/Quartus/top_level.vhd Line: 46
    Warning (13410): Pin "immed_out[21]" is stuck at GND File: C:/Users/Administrador/Documents/UNB/sexto_semestre/OAC/Projeto_Final/Quartus/top_level.vhd Line: 46
    Warning (13410): Pin "immed_out[22]" is stuck at GND File: C:/Users/Administrador/Documents/UNB/sexto_semestre/OAC/Projeto_Final/Quartus/top_level.vhd Line: 46
    Warning (13410): Pin "immed_out[23]" is stuck at GND File: C:/Users/Administrador/Documents/UNB/sexto_semestre/OAC/Projeto_Final/Quartus/top_level.vhd Line: 46
    Warning (13410): Pin "immed_out[24]" is stuck at GND File: C:/Users/Administrador/Documents/UNB/sexto_semestre/OAC/Projeto_Final/Quartus/top_level.vhd Line: 46
    Warning (13410): Pin "immed_out[25]" is stuck at GND File: C:/Users/Administrador/Documents/UNB/sexto_semestre/OAC/Projeto_Final/Quartus/top_level.vhd Line: 46
    Warning (13410): Pin "immed_out[26]" is stuck at GND File: C:/Users/Administrador/Documents/UNB/sexto_semestre/OAC/Projeto_Final/Quartus/top_level.vhd Line: 46
    Warning (13410): Pin "immed_out[27]" is stuck at GND File: C:/Users/Administrador/Documents/UNB/sexto_semestre/OAC/Projeto_Final/Quartus/top_level.vhd Line: 46
    Warning (13410): Pin "immed_out[28]" is stuck at GND File: C:/Users/Administrador/Documents/UNB/sexto_semestre/OAC/Projeto_Final/Quartus/top_level.vhd Line: 46
    Warning (13410): Pin "immed_out[29]" is stuck at GND File: C:/Users/Administrador/Documents/UNB/sexto_semestre/OAC/Projeto_Final/Quartus/top_level.vhd Line: 46
    Warning (13410): Pin "immed_out[30]" is stuck at GND File: C:/Users/Administrador/Documents/UNB/sexto_semestre/OAC/Projeto_Final/Quartus/top_level.vhd Line: 46
    Warning (13410): Pin "immed_out[31]" is stuck at GND File: C:/Users/Administrador/Documents/UNB/sexto_semestre/OAC/Projeto_Final/Quartus/top_level.vhd Line: 46
    Warning (13410): Pin "ula_z_out[0]" is stuck at GND File: C:/Users/Administrador/Documents/UNB/sexto_semestre/OAC/Projeto_Final/Quartus/top_level.vhd Line: 47
    Warning (13410): Pin "ula_z_out[1]" is stuck at GND File: C:/Users/Administrador/Documents/UNB/sexto_semestre/OAC/Projeto_Final/Quartus/top_level.vhd Line: 47
    Warning (13410): Pin "ula_z_out[2]" is stuck at GND File: C:/Users/Administrador/Documents/UNB/sexto_semestre/OAC/Projeto_Final/Quartus/top_level.vhd Line: 47
    Warning (13410): Pin "ula_z_out[3]" is stuck at GND File: C:/Users/Administrador/Documents/UNB/sexto_semestre/OAC/Projeto_Final/Quartus/top_level.vhd Line: 47
    Warning (13410): Pin "ula_z_out[4]" is stuck at GND File: C:/Users/Administrador/Documents/UNB/sexto_semestre/OAC/Projeto_Final/Quartus/top_level.vhd Line: 47
    Warning (13410): Pin "ula_z_out[5]" is stuck at GND File: C:/Users/Administrador/Documents/UNB/sexto_semestre/OAC/Projeto_Final/Quartus/top_level.vhd Line: 47
    Warning (13410): Pin "ula_z_out[6]" is stuck at GND File: C:/Users/Administrador/Documents/UNB/sexto_semestre/OAC/Projeto_Final/Quartus/top_level.vhd Line: 47
    Warning (13410): Pin "ula_z_out[7]" is stuck at GND File: C:/Users/Administrador/Documents/UNB/sexto_semestre/OAC/Projeto_Final/Quartus/top_level.vhd Line: 47
    Warning (13410): Pin "ula_z_out[8]" is stuck at GND File: C:/Users/Administrador/Documents/UNB/sexto_semestre/OAC/Projeto_Final/Quartus/top_level.vhd Line: 47
    Warning (13410): Pin "ula_z_out[9]" is stuck at GND File: C:/Users/Administrador/Documents/UNB/sexto_semestre/OAC/Projeto_Final/Quartus/top_level.vhd Line: 47
    Warning (13410): Pin "ula_z_out[10]" is stuck at GND File: C:/Users/Administrador/Documents/UNB/sexto_semestre/OAC/Projeto_Final/Quartus/top_level.vhd Line: 47
    Warning (13410): Pin "ula_z_out[11]" is stuck at GND File: C:/Users/Administrador/Documents/UNB/sexto_semestre/OAC/Projeto_Final/Quartus/top_level.vhd Line: 47
    Warning (13410): Pin "ula_z_out[12]" is stuck at GND File: C:/Users/Administrador/Documents/UNB/sexto_semestre/OAC/Projeto_Final/Quartus/top_level.vhd Line: 47
    Warning (13410): Pin "ula_z_out[13]" is stuck at GND File: C:/Users/Administrador/Documents/UNB/sexto_semestre/OAC/Projeto_Final/Quartus/top_level.vhd Line: 47
    Warning (13410): Pin "ula_z_out[14]" is stuck at GND File: C:/Users/Administrador/Documents/UNB/sexto_semestre/OAC/Projeto_Final/Quartus/top_level.vhd Line: 47
    Warning (13410): Pin "ula_z_out[15]" is stuck at GND File: C:/Users/Administrador/Documents/UNB/sexto_semestre/OAC/Projeto_Final/Quartus/top_level.vhd Line: 47
    Warning (13410): Pin "ula_z_out[16]" is stuck at GND File: C:/Users/Administrador/Documents/UNB/sexto_semestre/OAC/Projeto_Final/Quartus/top_level.vhd Line: 47
    Warning (13410): Pin "ula_z_out[17]" is stuck at GND File: C:/Users/Administrador/Documents/UNB/sexto_semestre/OAC/Projeto_Final/Quartus/top_level.vhd Line: 47
    Warning (13410): Pin "ula_z_out[18]" is stuck at GND File: C:/Users/Administrador/Documents/UNB/sexto_semestre/OAC/Projeto_Final/Quartus/top_level.vhd Line: 47
    Warning (13410): Pin "ula_z_out[19]" is stuck at GND File: C:/Users/Administrador/Documents/UNB/sexto_semestre/OAC/Projeto_Final/Quartus/top_level.vhd Line: 47
    Warning (13410): Pin "ula_z_out[20]" is stuck at GND File: C:/Users/Administrador/Documents/UNB/sexto_semestre/OAC/Projeto_Final/Quartus/top_level.vhd Line: 47
    Warning (13410): Pin "ula_z_out[21]" is stuck at GND File: C:/Users/Administrador/Documents/UNB/sexto_semestre/OAC/Projeto_Final/Quartus/top_level.vhd Line: 47
    Warning (13410): Pin "ula_z_out[22]" is stuck at GND File: C:/Users/Administrador/Documents/UNB/sexto_semestre/OAC/Projeto_Final/Quartus/top_level.vhd Line: 47
    Warning (13410): Pin "ula_z_out[23]" is stuck at GND File: C:/Users/Administrador/Documents/UNB/sexto_semestre/OAC/Projeto_Final/Quartus/top_level.vhd Line: 47
    Warning (13410): Pin "ula_z_out[24]" is stuck at GND File: C:/Users/Administrador/Documents/UNB/sexto_semestre/OAC/Projeto_Final/Quartus/top_level.vhd Line: 47
    Warning (13410): Pin "ula_z_out[25]" is stuck at GND File: C:/Users/Administrador/Documents/UNB/sexto_semestre/OAC/Projeto_Final/Quartus/top_level.vhd Line: 47
    Warning (13410): Pin "ula_z_out[26]" is stuck at GND File: C:/Users/Administrador/Documents/UNB/sexto_semestre/OAC/Projeto_Final/Quartus/top_level.vhd Line: 47
    Warning (13410): Pin "ula_z_out[27]" is stuck at GND File: C:/Users/Administrador/Documents/UNB/sexto_semestre/OAC/Projeto_Final/Quartus/top_level.vhd Line: 47
    Warning (13410): Pin "ula_z_out[28]" is stuck at GND File: C:/Users/Administrador/Documents/UNB/sexto_semestre/OAC/Projeto_Final/Quartus/top_level.vhd Line: 47
    Warning (13410): Pin "ula_z_out[29]" is stuck at GND File: C:/Users/Administrador/Documents/UNB/sexto_semestre/OAC/Projeto_Final/Quartus/top_level.vhd Line: 47
    Warning (13410): Pin "ula_z_out[30]" is stuck at GND File: C:/Users/Administrador/Documents/UNB/sexto_semestre/OAC/Projeto_Final/Quartus/top_level.vhd Line: 47
    Warning (13410): Pin "ula_z_out[31]" is stuck at GND File: C:/Users/Administrador/Documents/UNB/sexto_semestre/OAC/Projeto_Final/Quartus/top_level.vhd Line: 47
Info (286030): Timing-Driven Synthesis is running
Info (17049): 8 registers lost all their fanouts during netlist optimizations.
Info (16010): Generating hard_block partition "hard_block:auto_generated_inst"
    Info (16011): Adding 0 node(s), including 0 DDIO, 0 PLL, 0 transceiver and 0 LCELL
Info (21057): Implemented 171 device resources after synthesis - the final resource count might be different
    Info (21058): Implemented 1 input pins
    Info (21059): Implemented 138 output pins
    Info (21061): Implemented 32 logic cells
Info: Quartus Prime Analysis & Synthesis was successful. 0 errors, 118 warnings
    Info: Peak virtual memory: 4856 megabytes
    Info: Processing ended: Sun May 23 15:42:40 2021
    Info: Elapsed time: 00:00:35
    Info: Total CPU time (on all processors): 00:00:37


